c:\users\adeel\documents\visual studio 2013\projects\chess\bgi2010\bgi\debug\vc120.pdb
c:\users\adeel\documents\visual studio 2013\projects\chess\bgi2010\bgi\debug\vc120.idb
c:\users\adeel\documents\visual studio 2013\projects\chess\bgi2010\bgi\debug\bgiout.obj
c:\users\adeel\documents\visual studio 2013\projects\chess\bgi2010\bgi\debug\bishop.obj
c:\users\adeel\documents\visual studio 2013\projects\chess\bgi2010\bgi\debug\board.obj
c:\users\adeel\documents\visual studio 2013\projects\chess\bgi2010\bgi\debug\dibutil.obj
c:\users\adeel\documents\visual studio 2013\projects\chess\bgi2010\bgi\debug\drawing.obj
c:\users\adeel\documents\visual studio 2013\projects\chess\bgi2010\bgi\debug\file.obj
c:\users\adeel\documents\visual studio 2013\projects\chess\bgi2010\bgi\debug\king.obj
c:\users\adeel\documents\visual studio 2013\projects\chess\bgi2010\bgi\debug\knight.obj
c:\users\adeel\documents\visual studio 2013\projects\chess\bgi2010\bgi\debug\misc.obj
c:\users\adeel\documents\visual studio 2013\projects\chess\bgi2010\bgi\debug\mouse.obj
c:\users\adeel\documents\visual studio 2013\projects\chess\bgi2010\bgi\debug\palette.obj
c:\users\adeel\documents\visual studio 2013\projects\chess\bgi2010\bgi\debug\main.obj
c:\users\adeel\documents\visual studio 2013\projects\chess\bgi2010\bgi\debug\pawn.obj
c:\users\adeel\documents\visual studio 2013\projects\chess\bgi2010\bgi\debug\piece.obj
c:\users\adeel\documents\visual studio 2013\projects\chess\bgi2010\bgi\debug\queen.obj
c:\users\adeel\documents\visual studio 2013\projects\chess\bgi2010\bgi\debug\rook.obj
c:\users\adeel\documents\visual studio 2013\projects\chess\bgi2010\bgi\debug\source.obj
c:\users\adeel\documents\visual studio 2013\projects\chess\bgi2010\bgi\debug\text.obj
c:\users\adeel\documents\visual studio 2013\projects\chess\bgi2010\bgi\debug\winbgi.obj
c:\users\adeel\documents\visual studio 2013\projects\chess\bgi2010\bgi\debug\winthread.obj
c:\users\adeel\documents\visual studio 2013\projects\chess\bgi2010\bgi\debug\bgi.exe
c:\users\adeel\documents\visual studio 2013\projects\chess\bgi2010\bgi\debug\bgi.tlog\cl.command.1.tlog
c:\users\adeel\documents\visual studio 2013\projects\chess\bgi2010\bgi\debug\bgi.tlog\cl.read.1.tlog
c:\users\adeel\documents\visual studio 2013\projects\chess\bgi2010\bgi\debug\bgi.tlog\cl.write.1.tlog
c:\users\adeel\documents\visual studio 2013\projects\chess\bgi2010\bgi\debug\bgi.tlog\link.command.1.tlog
c:\users\adeel\documents\visual studio 2013\projects\chess\bgi2010\bgi\debug\bgi.tlog\link.read.1.tlog
c:\users\adeel\documents\visual studio 2013\projects\chess\bgi2010\bgi\debug\bgi.tlog\link.write.1.tlog
